D:\PROG1\GYARB\DEBUG\GYARB.EXE
D:\PROG1\GYARB\DEBUG\GYARB.ILK
D:\PROG1\GYARB\DEBUG\GYARB.PDB
D:\PROG1\GYARB\GYARB\DEBUG\ARROW.OBJ
D:\PROG1\GYARB\GYARB\DEBUG\BODY.OBJ
D:\PROG1\GYARB\GYARB\DEBUG\BUTTON.OBJ
D:\Prog1\gyarb\gyarb\Debug\cl.command.1.tlog
D:\Prog1\gyarb\gyarb\Debug\CL.read.1.tlog
D:\Prog1\gyarb\gyarb\Debug\CL.write.1.tlog
D:\PROG1\GYARB\GYARB\DEBUG\GRAVITATIONALBODY.OBJ
D:\PROG1\GYARB\GYARB\DEBUG\GRAVITATIONALBODYDRAWABLE.OBJ
D:\PROG1\GYARB\GYARB\DEBUG\GRAVITYCONTROLLER.OBJ
D:\PROG1\GYARB\GYARB\DEBUG\GYARB.EXE.INTERMEDIATE.MANIFEST
D:\Prog1\gyarb\gyarb\Debug\gyarb.write.1.tlog
D:\PROG1\GYARB\GYARB\DEBUG\HEADSUPDISPLAY.OBJ
D:\Prog1\gyarb\gyarb\Debug\link.command.1.tlog
D:\Prog1\gyarb\gyarb\Debug\link.read.1.tlog
D:\Prog1\gyarb\gyarb\Debug\link.write.1.tlog
D:\PROG1\GYARB\GYARB\DEBUG\MAIN.OBJ
D:\PROG1\GYARB\GYARB\DEBUG\MASSBODY.OBJ
D:\Prog1\gyarb\gyarb\Debug\mt.command.1.tlog
D:\Prog1\gyarb\gyarb\Debug\mt.read.1.tlog
D:\Prog1\gyarb\gyarb\Debug\mt.write.1.tlog
D:\PROG1\GYARB\GYARB\DEBUG\SCENE.OBJ
D:\PROG1\GYARB\GYARB\DEBUG\SLIDER.OBJ
D:\PROG1\GYARB\GYARB\DEBUG\SPECIFICBUTTONS.OBJ
D:\PROG1\GYARB\GYARB\DEBUG\TEXTURELOADER.OBJ
D:\Prog1\gyarb\gyarb\Debug\vc100.idb
D:\PROG1\GYARB\GYARB\DEBUG\VC100.PDB
D:\PROG1\GYARB\GYARB\DEBUG\WIDGET.OBJ
